[17:04:23] This is prokka 1.13.3
[17:04:23] Written by Torsten Seemann <torsten.seemann@gmail.com>
[17:04:23] Homepage is https://github.com/tseemann/prokka
[17:04:23] Local time is Thu Nov 22 17:04:23 2018
[17:04:23] You are group10
[17:04:23] Operating system is linux
[17:04:23] You have BioPerl 1.007002
[17:04:23] System has 16 cores.
[17:04:23] Will use maximum of 8 cores.
[17:04:23] Annotating as >>> Bacteria <<<
[17:04:23] Generating locus_tag from 'lyme_burgdorferi_genome.fna' contents.
[17:04:23] Setting --locustag HNCCNNJP from MD5 17cc7739e265465a9a96abea566a87e6
[17:04:23] Creating new output folder: burgdorferi_prokka
[17:04:23] Running: mkdir -p burgdorferi_prokka
[17:04:23] Using filename prefix: PROKKA_11222018.XXX
[17:04:23] Setting HMMER_NCPU=1
[17:04:23] Writing log to: burgdorferi_prokka/PROKKA_11222018.log
[17:04:23] Command: /usr/bin/prokka/bin/prokka lyme_burgdorferi_genome.fna --outdir burgdorferi_prokka
[17:04:23] Appending to PATH: /usr/bin/prokka/bin/../binaries/linux
[17:04:23] Appending to PATH: /usr/bin/prokka/bin/../binaries/linux/../common
[17:04:23] Appending to PATH: /usr/bin/prokka/bin
[17:04:23] Looking for 'aragorn' - found /usr/bin/prokka/bin/../binaries/linux/aragorn
[17:04:23] Determined aragorn version is 1.2
[17:04:23] Looking for 'barrnap' - found /usr/bin/barrnap
[17:04:23] Determined barrnap version is 0.8
[17:04:23] Looking for 'blastp' - found /usr/bin/blastp
[17:04:23] Determined blastp version is 2.6
[17:04:23] Looking for 'cmpress' - found /usr/bin/cmpress
[17:04:23] Determined cmpress version is 1.1
[17:04:23] Looking for 'cmscan' - found /usr/bin/cmscan
[17:04:23] Determined cmscan version is 1.1
[17:04:23] Looking for 'egrep' - found /bin/egrep
[17:04:23] Looking for 'find' - found /usr/bin/find
[17:04:23] Looking for 'grep' - found /bin/grep
[17:04:23] Looking for 'hmmpress' - found /usr/bin/hmmpress
[17:04:23] Determined hmmpress version is 3.1
[17:04:23] Looking for 'hmmscan' - found /usr/bin/hmmscan
[17:04:23] Determined hmmscan version is 3.1
[17:04:23] Looking for 'java' - found /usr/bin/java
[17:04:23] Looking for 'less' - found /usr/bin/less
[17:04:23] Looking for 'makeblastdb' - found /usr/bin/makeblastdb
[17:04:23] Determined makeblastdb version is 2.6
[17:04:23] Looking for 'minced' - found /usr/bin/prokka/bin/../binaries/linux/../common/minced
[17:04:23] Determined minced version is 2.0
[17:04:23] Looking for 'parallel' - found /usr/bin/prokka/bin/../binaries/linux/../common/parallel
[17:04:24] Determined parallel version is 20150122
[17:04:24] Looking for 'prodigal' - found /usr/bin/prodigal
[17:04:24] Determined prodigal version is 2.6
[17:04:24] Looking for 'prokka-genbank_to_fasta_db' - found /usr/bin/prokka/bin/prokka-genbank_to_fasta_db
[17:04:24] Looking for 'sed' - found /bin/sed
[17:04:24] Looking for 'tbl2asn' - found /usr/bin/prokka/bin/../binaries/linux/tbl2asn
[17:04:24] Determined tbl2asn version is 25.6
[17:04:24] Using genetic code table 11.
[17:04:24] Loading and checking input file: lyme_burgdorferi_genome.fna
[17:04:24] Wrote 22 contigs totalling 1521208 bp.
[17:04:24] Predicting tRNAs and tmRNAs
[17:04:24] Running: aragorn -l -gc11  -w burgdorferi_prokka\/PROKKA_11222018\.fna
[17:04:24] 1 tRNA-Gly [46530,46601] 34 (tcc)
[17:04:24] 2 tmRNA c[46691,47049] 82,129 AKNNNFTSSNLVMAA*
[17:04:24] 3 tRNA-Cys [202692,202767] 35 (gca)
[17:04:24] 4 tRNA-Phe [206332,206406] 35 (gaa)
[17:04:24] 5 tRNA-Phe [206427,206501] 35 (gaa)
[17:04:24] 6 tRNA-Met [218340,218413] 35 (cat)
[17:04:24] 7 tRNA-Leu [256280,256366] 36 (gag)
[17:04:24] 8 tRNA-Trp c[408119,408193] 35 (cca)
[17:04:24] 9 tRNA-Thr c[408408,408480] 34 (ggt)
[17:04:24] 10 tRNA-Ile [443623,443696] 35 (gat)
[17:04:24] 11 tRNA-Ala c[444335,444410] 36 (tgc)
[17:04:24] 12 tRNA-Ser [481083,481171] 35 (gct)
[17:04:24] 13 tRNA-Ser [481227,481315] 36 (tga)
[17:04:24] 14 tRNA-Arg [482131,482206] 36 (gcg)
[17:04:24] 15 tRNA-Ser [482221,482309] 36 (gga)
[17:04:24] 16 tRNA-Glu c[547466,547540] 35 (ttc)
[17:04:24] 17 tRNA-Lys c[547544,547617] 34 (ttt)
[17:04:24] 18 tRNA-Lys c[547724,547798] 35 (ctt)
[17:04:24] 19 tRNA-Leu c[584098,584183] 36 (caa)
[17:04:24] 20 tRNA-His [636144,636217] 34 (gtg)
[17:04:24] 21 tRNA-Arg [636240,636315] 36 (tcg)
[17:04:24] 22 tRNA-Leu [636395,636475] 35 (tag)
[17:04:24] 23 tRNA-Gly [636481,636552] 33 (gcc)
[17:04:24] 24 tRNA-Met c[643155,643227] 34 (cat)
[17:04:24] 25 tRNA-Met [648466,648539] 35 (cat)
[17:04:24] 26 tRNA-Asn [656944,657017] 34 (gtt)
[17:04:24] 27 tRNA-Asp c[663066,663141] 36 (gtc)
[17:04:24] 28 tRNA-Val c[730515,730588] 35 (tac)
[17:04:24] tRNA [744933,745006] is a pseudo/wacky gene - skipping.
[17:04:24] 30 tRNA-Tyr [745011,745094] 36 (gta)
[17:04:24] 31 tRNA-Pro c[789046,789120] 35 (tgg)
[17:04:24] 32 tRNA-Arg c[789126,789200] 35 (tct)
[17:04:24] 33 tRNA-Leu [801845,801929] 36 (taa)
[17:04:24] 34 tRNA-Gln [823167,823240] 34 (ttg)
[17:04:24] Found 33 tRNAs
[17:04:24] Predicting Ribosomal RNAs
[17:04:24] Running Barrnap with 8 threads
[17:04:25] 1 NC_001318.1 435204 5S ribosomal RNA
[17:04:25] 2 NC_001318.1 438449 5S ribosomal RNA
[17:04:25] 3 NC_001318.1 444582 16S ribosomal RNA
[17:04:25] Found 3 rRNAs
[17:04:25] Skipping ncRNA search, enable with --rfam if desired.
[17:04:25] Total of 35 tRNA + rRNA features
[17:04:25] Searching for CRISPR repeats
[17:04:25] Found 0 CRISPRs
[17:04:25] Predicting coding sequences
[17:04:25] Contigs total 1521208 bp, so using single mode
[17:04:25] Running: prodigal -i burgdorferi_prokka\/PROKKA_11222018\.fna -c -m -g 11 -p single -f sco -q
[17:04:27] Excluding CDS which overlaps existing RNA (tRNA) at NC_001318.1:656998..657543 on - strand
[17:04:27] Found 1509 CDS
[17:04:27] Connecting features back to sequences
[17:04:27] Not using genus-specific database. Try --usegenus to enable it.
[17:04:27] Annotating CDS, please be patient.
[17:04:27] Will use 8 CPUs for similarity searching.
[17:04:28] There are still 1509 unannotated CDS left (started with 1509)
[17:04:28] Will use blast to search against /usr/bin/prokka/db/kingdom/Bacteria/IS with 8 CPUs
[17:04:28] Running: cat burgdorferi_prokka\/IS\.faa | parallel --gnu --plain -j 8 --block 27573 --recstart '>' --pipe blastp -query - -db /usr/bin/prokka/db/kingdom/Bacteria/IS -evalue 1e-30 -qcov_hsp_perc 90 -num_threads 1 -num_descriptions 1 -num_alignments 1 -seg no > burgdorferi_prokka\/IS\.blast 2> /dev/null
[17:04:32] Deleting unwanted file: burgdorferi_prokka/IS.faa
[17:04:32] Deleting unwanted file: burgdorferi_prokka/IS.blast
[17:04:33] There are still 1508 unannotated CDS left (started with 1509)
[17:04:33] Will use blast to search against /usr/bin/prokka/db/kingdom/Bacteria/AMR with 8 CPUs
[17:04:33] Running: cat burgdorferi_prokka\/AMR\.faa | parallel --gnu --plain -j 8 --block 27557 --recstart '>' --pipe blastp -query - -db /usr/bin/prokka/db/kingdom/Bacteria/AMR -evalue 9.99999999999999e-301 -qcov_hsp_perc 90 -num_threads 1 -num_descriptions 1 -num_alignments 1 -seg no > burgdorferi_prokka\/AMR\.blast 2> /dev/null
[17:04:36] Deleting unwanted file: burgdorferi_prokka/AMR.faa
[17:04:36] Deleting unwanted file: burgdorferi_prokka/AMR.blast
[17:04:37] There are still 1508 unannotated CDS left (started with 1509)
[17:04:37] Will use blast to search against /usr/bin/prokka/db/kingdom/Bacteria/sprot with 8 CPUs
[17:04:37] Running: cat burgdorferi_prokka\/sprot\.faa | parallel --gnu --plain -j 8 --block 27557 --recstart '>' --pipe blastp -query - -db /usr/bin/prokka/db/kingdom/Bacteria/sprot -evalue 1e-09 -qcov_hsp_perc 80 -num_threads 1 -num_descriptions 1 -num_alignments 1 -seg no > burgdorferi_prokka\/sprot\.blast 2> /dev/null
[17:04:51] Modify product: Probable transcriptional regulatory protein CBU_1566 => putative transcriptional regulatory protein
[17:04:51] Modify product: Bifunctional protein FolD => Bifunctional protein FolD protein
[17:04:51] Modify product: Phosphate-specific transport system accessory protein PhoU homolog => Phosphate-specific transport system accessory protein PhoU 
[17:04:51] Modify product: Probable cysteine desulfurase => putative cysteine desulfurase
[17:04:51] Modify product: UPF0053 inner membrane protein YfjD => hypothetical protein
[17:04:51] Modify product: Inner membrane protein BB_0250 => Inner membrane protein
[17:04:51] Modify product: Probable M18 family aminopeptidase 1 => putative M18 family aminopeptidase 1
[17:04:52] Modify product: GTP cyclohydrolase 1 type 2 homolog => GTP cyclohydrolase 1 type 2 
[17:04:52] Modify product: Probable M18 family aminopeptidase 2 => putative M18 family aminopeptidase 2
[17:04:52] Modify product: Probable acetyl-CoA acyltransferase => putative acetyl-CoA acyltransferase
[17:04:52] Modify product: UPF0073 inner membrane protein YqfA => hypothetical protein
[17:04:52] Modify product: Putative zinc metalloprotease aq_1964 => Putative zinc metalloprotease
[17:04:52] Modify product: Probable peptidoglycan glycosyltransferase FtsW => putative peptidoglycan glycosyltransferase FtsW
[17:04:52] Modify product: Uncharacterized protein BB_0689 => putative protein
[17:04:52] Modify product: Uncharacterized protein HI_1349 => putative protein
[17:04:52] Modify product: UPF0109 protein Rv2908c => hypothetical protein
[17:04:52] Modify product: Cyclic di-GMP binding protein TDE_0214 => Cyclic di-GMP binding protein
[17:04:52] Modify product: Probable tRNA-dihydrouridine synthase => putative tRNA-dihydrouridine synthase
[17:04:52] Modify product: Uncharacterized ABC transporter ATP-binding protein YbiT => putative ABC transporter ATP-binding protein YbiT
[17:04:52] Modify product: Putative outer membrane protein assembly factor TP_0326 => Putative outer membrane protein assembly factor
[17:04:52] Modify product: UPF0701 protein YicC => hypothetical protein
[17:04:52] Cleaned 21 /product names
[17:04:52] Deleting unwanted file: burgdorferi_prokka/sprot.faa
[17:04:52] Deleting unwanted file: burgdorferi_prokka/sprot.blast
[17:04:52] There are still 1085 unannotated CDS left (started with 1509)
[17:04:52] Will use hmmer3 to search against /usr/bin/prokka/db/hmm/HAMAP.hmm with 8 CPUs
[17:04:52] Running: cat burgdorferi_prokka\/HAMAP\.hmm\.faa | parallel --gnu --plain -j 8 --block 18040 --recstart '>' --pipe hmmscan --noali --notextw --acc -E 1e-09 --cpu 1 /usr/bin/prokka/db/hmm/HAMAP.hmm /dev/stdin > burgdorferi_prokka\/HAMAP\.hmm\.hmmer3 2> /dev/null
[17:05:02] Deleting unwanted file: burgdorferi_prokka/HAMAP.hmm.faa
[17:05:02] Deleting unwanted file: burgdorferi_prokka/HAMAP.hmm.hmmer3
[17:05:02] Labelling remaining 1011 proteins as 'hypothetical protein'
[17:05:02] Possible /pseudo 'S-adenosylmethionine:tRNA ribosyltransferase-isomerase' at NC_001318.1 position 20445
[17:05:02] Possible /pseudo 'Periplasmic oligopeptide-binding protein' at NC_001318.1 position 336629
[17:05:02] Possible /pseudo 'Periplasmic oligopeptide-binding protein' at NC_001318.1 position 338358
[17:05:02] Possible /pseudo 'Membrane lipoprotein TmpC' at NC_001318.1 position 393044
[17:05:02] Possible /pseudo 'Membrane lipoprotein TmpC' at NC_001318.1 position 394105
[17:05:02] Possible /pseudo 'Membrane lipoprotein TmpC' at NC_001318.1 position 395481
[17:05:02] Possible /pseudo 'putative protein' at NC_001318.1 position 731184
[17:05:02] Possible /pseudo 'Flagellar basal-body rod protein FlgG' at NC_001318.1 position 816312
[17:05:02] Possible /pseudo 'Guanine/hypoxanthine permease PbuG' at NC_001903.1 position 19431
[17:05:02] Found 420 unique /gene codes.
[17:05:02] Fixed 3 duplicate /gene - ptsG_1 ptsG_2 ptsG_3
[17:05:02] Fixed 2 duplicate /gene - bepA_1 bepA_2
[17:05:02] Fixed 2 duplicate /gene - fliG_1 fliG_2
[17:05:02] Fixed 2 duplicate /gene - cheY_1 cheY_2
[17:05:02] Fixed 2 duplicate /gene - mnmC_1 mnmC_2
[17:05:02] Fixed 2 duplicate /gene - ymdB_1 ymdB_2
[17:05:02] Fixed 5 duplicate /gene - oppA_1 oppA_2 oppA_3 oppA_4 oppA_5
[17:05:02] Fixed 2 duplicate /gene - clpP_1 clpP_2
[17:05:02] Fixed 2 duplicate /gene - nagZ_1 nagZ_2
[17:05:02] Fixed 2 duplicate /gene - gyrB_1 gyrB_2
[17:05:02] Fixed 2 duplicate /gene - cheW_1 cheW_2
[17:05:02] Fixed 2 duplicate /gene - ftsW_1 ftsW_2
[17:05:02] Fixed 3 duplicate /gene - ywlC_1 ywlC_2 ywlC_3
[17:05:02] Fixed 3 duplicate /gene - cheB_1 cheB_2 cheB_3
[17:05:02] Fixed 2 duplicate /gene - lptB_1 lptB_2
[17:05:02] Fixed 2 duplicate /gene - mglA_1 mglA_2
[17:05:02] Fixed 2 duplicate /gene - cmk_1 cmk_2
[17:05:02] Fixed 2 duplicate /gene - yigL_1 yigL_2
[17:05:02] Fixed 2 duplicate /gene - fusA_1 fusA_2
[17:05:02] Fixed 2 duplicate /gene - nagB_1 nagB_2
[17:05:02] Fixed 2 duplicate /gene - pbuG_1 pbuG_2
[17:05:02] Fixed 2 duplicate /gene - lepA_1 lepA_2
[17:05:02] Fixed 2 duplicate /gene - pcrA_1 pcrA_2
[17:05:02] Fixed 2 duplicate /gene - flgG_1 flgG_2
[17:05:02] Fixed 4 duplicate /gene - tmpC_1 tmpC_2 tmpC_3 tmpC_4
[17:05:02] Fixed 2 duplicate /gene - btuD_1 btuD_2
[17:05:02] Fixed 2 duplicate /gene - dbpA_1 dbpA_2
[17:05:02] Fixed 2 duplicate /gene - dnaB_1 dnaB_2
[17:05:02] Fixed 2 duplicate /gene - dnaK_1 dnaK_2
[17:05:02] Fixed 2 duplicate /gene - queA_1 queA_2
[17:05:02] Fixed 2 duplicate /gene - gyrA_1 gyrA_2
[17:05:02] Fixed 9 duplicate /gene - soj_1 soj_2 soj_3 soj_4 soj_5 soj_6 soj_7 soj_8 soj_9
[17:05:02] Fixed 3 duplicate /gene - mtnN_1 mtnN_2 mtnN_3
[17:05:02] Fixed 2 duplicate /gene - ade_1 ade_2
[17:05:02] Fixed 34 colliding /gene names.
[17:05:02] Adding /locus_tag identifiers
[17:05:02] Assigned 1545 locus_tags to CDS and RNA features.
[17:05:02] Writing outputs to burgdorferi_prokka/
[17:05:03] Generating annotation statistics file
[17:05:03] Generating Genbank and Sequin files
[17:05:03] Running: tbl2asn -V b -a r10k -l paired-ends -M n -N 1 -y 'Annotated using prokka 1.13.3 from https://github.com/tseemann/prokka' -Z burgdorferi_prokka\/PROKKA_11222018\.err -i burgdorferi_prokka\/PROKKA_11222018\.fsa 2> /dev/null
[17:05:05] Deleting unwanted file: burgdorferi_prokka/errorsummary.val
[17:05:05] Deleting unwanted file: burgdorferi_prokka/PROKKA_11222018.dr
[17:05:05] Deleting unwanted file: burgdorferi_prokka/PROKKA_11222018.fixedproducts
[17:05:05] Deleting unwanted file: burgdorferi_prokka/PROKKA_11222018.ecn
[17:05:05] Deleting unwanted file: burgdorferi_prokka/PROKKA_11222018.val
[17:05:05] Repairing broken .GBK output that tbl2asn produces...
[17:05:05] Running: sed 's/COORDINATES: profile/COORDINATES:profile/' < burgdorferi_prokka\/PROKKA_11222018\.gbf > burgdorferi_prokka\/PROKKA_11222018\.gbk
[17:05:05] Deleting unwanted file: burgdorferi_prokka/PROKKA_11222018.gbf
[17:05:05] Output files:
[17:05:05] burgdorferi_prokka/PROKKA_11222018.faa
[17:05:05] burgdorferi_prokka/PROKKA_11222018.fsa
[17:05:05] burgdorferi_prokka/PROKKA_11222018.fna
[17:05:05] burgdorferi_prokka/PROKKA_11222018.log
[17:05:05] burgdorferi_prokka/PROKKA_11222018.tsv
[17:05:05] burgdorferi_prokka/PROKKA_11222018.err
[17:05:05] burgdorferi_prokka/PROKKA_11222018.sqn
[17:05:05] burgdorferi_prokka/PROKKA_11222018.ffn
[17:05:05] burgdorferi_prokka/PROKKA_11222018.tbl
[17:05:05] burgdorferi_prokka/PROKKA_11222018.txt
[17:05:05] burgdorferi_prokka/PROKKA_11222018.gff
[17:05:05] burgdorferi_prokka/PROKKA_11222018.gbk
[17:05:05] Annotation finished successfully.
[17:05:05] Walltime used: 0.70 minutes
[17:05:05] If you use this result please cite the Prokka paper:
[17:05:05] Seemann T (2014) Prokka: rapid prokaryotic genome annotation. Bioinformatics. 30(14):2068-9.
[17:05:05] Type 'prokka --citation' for more details.
[17:05:05] Thank you, come again.
